<?xml version="1.0" encoding="UTF-8"?>
<testng-results skipped="0" failed="0" ignored="0" total="1" passed="1">
  <reporter-output>
  </reporter-output>
  <suite name="inetBankingV1" duration-ms="17868" started-at="2022-08-06T02:49:20 IST" finished-at="2022-08-06T02:49:38 IST">
    <groups>
    </groups>
    <test name="BankingApp Test" duration-ms="17868" started-at="2022-08-06T02:49:20 IST" finished-at="2022-08-06T02:49:38 IST">
      <class name="com.inetBanking.testCases.TC_LoginTest_001">
        <test-method status="PASS" signature="setup(java.lang.String)[pri:0, instance:com.inetBanking.testCases.TC_LoginTest_001@7a1ebcd8]" name="setup" is-config="true" duration-ms="10816" started-at="2022-08-06T02:49:20 IST" finished-at="2022-08-06T02:49:31 IST">
          <params>
            <param index="0">
              <value>
                <![CDATA[chrome]]>
              </value>
            </param>
          </params>
          <reporter-output>
          </reporter-output>
        </test-method> <!-- setup -->
        <test-method status="PASS" signature="loginTest()[pri:0, instance:com.inetBanking.testCases.TC_LoginTest_001@7a1ebcd8]" name="loginTest" duration-ms="6164" started-at="2022-08-06T02:49:31 IST" finished-at="2022-08-06T02:49:37 IST">
          <reporter-output>
          </reporter-output>
        </test-method> <!-- loginTest -->
        <test-method status="PASS" signature="teardown()[pri:0, instance:com.inetBanking.testCases.TC_LoginTest_001@7a1ebcd8]" name="teardown" is-config="true" duration-ms="664" started-at="2022-08-06T02:49:37 IST" finished-at="2022-08-06T02:49:38 IST">
          <reporter-output>
          </reporter-output>
        </test-method> <!-- teardown -->
      </class> <!-- com.inetBanking.testCases.TC_LoginTest_001 -->
    </test> <!-- BankingApp Test -->
  </suite> <!-- inetBankingV1 -->
</testng-results>
