<?xml version="1.0" encoding="UTF-8"?>
<testng-results skipped="0" failed="0" ignored="0" total="1" passed="1">
  <reporter-output>
  </reporter-output>
  <suite name="inetBankingV1" duration-ms="32862" started-at="2022-08-05T18:02:43 IST" finished-at="2022-08-05T18:03:15 IST">
    <groups>
    </groups>
    <test name="BankingApp Test" duration-ms="32862" started-at="2022-08-05T18:02:43 IST" finished-at="2022-08-05T18:03:15 IST">
      <class name="com.inetBanking.testCases.TC_AddCustomerTest_003">
        <test-method status="PASS" signature="setup(java.lang.String)[pri:0, instance:com.inetBanking.testCases.TC_AddCustomerTest_003@25bbf683]" name="setup" is-config="true" duration-ms="9666" started-at="2022-08-05T18:02:43 IST" finished-at="2022-08-05T18:02:52 IST">
          <params>
            <param index="0">
              <value>
                <![CDATA[chrome]]>
              </value>
            </param>
          </params>
          <reporter-output>
          </reporter-output>
        </test-method> <!-- setup -->
        <test-method status="PASS" signature="addNewCustomer()[pri:0, instance:com.inetBanking.testCases.TC_AddCustomerTest_003@25bbf683]" name="addNewCustomer" duration-ms="22078" started-at="2022-08-05T18:02:52 IST" finished-at="2022-08-05T18:03:15 IST">
          <reporter-output>
          </reporter-output>
        </test-method> <!-- addNewCustomer -->
        <test-method status="PASS" signature="teardown()[pri:0, instance:com.inetBanking.testCases.TC_AddCustomerTest_003@25bbf683]" name="teardown" is-config="true" duration-ms="856" started-at="2022-08-05T18:03:15 IST" finished-at="2022-08-05T18:03:15 IST">
          <reporter-output>
          </reporter-output>
        </test-method> <!-- teardown -->
      </class> <!-- com.inetBanking.testCases.TC_AddCustomerTest_003 -->
    </test> <!-- BankingApp Test -->
  </suite> <!-- inetBankingV1 -->
</testng-results>
